Build started 2/21/2022 10:03:21 PM.
     1>Project "c:\Users\Vishal\documents\visual studio 2010\Projects\testHeapCorruption\testHeapCorruption\testHeapCorruption.vcxproj" on node 2 (build target(s)).
     1>InitializeBuildStatus:
         Creating "Debug\testHeapCorruption.unsuccessfulbuild" because "AlwaysCreate" was specified.
       ClCompile:
         All outputs are up-to-date.
         C:\Program Files (x86)\Microsoft Visual Studio 10.0\VC\bin\CL.exe /c /ZI /nologo /W3 /WX- /Od /Oy- /D WIN32 /D _DEBUG /D _CONSOLE /D _UNICODE /D UNICODE /Gm /EHsc /RTC1 /MDd /GS /fp:precise /Zc:wchar_t /Zc:forScope /Yu"StdAfx.h" /Fp"Debug\testHeapCorruption.pch" /Fo"Debug\\" /Fd"Debug\vc100.pdb" /Gd /TP /analyze- /errorReport:prompt testHeapCorruption.cpp
         testHeapCorruption.cpp
       ManifestResourceCompile:
         All outputs are up-to-date.
       Link:
         C:\Program Files (x86)\Microsoft Visual Studio 10.0\VC\bin\link.exe /ERRORREPORT:PROMPT /OUT:"c:\users\vishal\documents\visual studio 2010\Projects\testHeapCorruption\Debug\testHeapCorruption.exe" /INCREMENTAL /NOLOGO kernel32.lib user32.lib gdi32.lib winspool.lib comdlg32.lib advapi32.lib shell32.lib ole32.lib oleaut32.lib uuid.lib odbc32.lib odbccp32.lib /MANIFEST /ManifestFile:"Debug\testHeapCorruption.exe.intermediate.manifest" /MANIFESTUAC:"level='asInvoker' uiAccess='false'" /DEBUG /PDB:"c:\users\vishal\documents\visual studio 2010\Projects\testHeapCorruption\Debug\testHeapCorruption.pdb" /SUBSYSTEM:CONSOLE /TLBID:1 /DYNAMICBASE /NXCOMPAT /IMPLIB:"c:\users\vishal\documents\visual studio 2010\Projects\testHeapCorruption\Debug\testHeapCorruption.lib" /MACHINE:X86 Debug\testHeapCorruption.exe.embed.manifest.res
         Debug\stdafx.obj
         Debug\testHeapCorruption.obj
     1>LINK : fatal error LNK1168: cannot open c:\users\vishal\documents\visual studio 2010\Projects\testHeapCorruption\Debug\testHeapCorruption.exe for writing
     1>Done Building Project "c:\Users\Vishal\documents\visual studio 2010\Projects\testHeapCorruption\testHeapCorruption\testHeapCorruption.vcxproj" (build target(s)) -- FAILED.

Build FAILED.

Time Elapsed 00:00:03.32
